06/04 21:20:39: ðŸ¤˜ cadnaPromise ðŸ¤˜
06/04 21:20:39: Using the compiler: g++
06/04 21:20:39: We are working with 1 file and 7 different types
06/04 21:20:39: The expectation is 8 digits.
06/04 21:20:39: a) Get a reference result with cadna (double)
06/04 21:20:41: euler3d_cpu.cpp: In function â€˜int main(int, char**)â€™:
euler3d_cpu.cpp:566:41: error: cannot convert â€˜double*â€™ to â€˜double_st*â€™ in initialization
  566 |     double_st *variables = alloc<double>(nelr * NVAR);
      |                            ~~~~~~~~~~~~~^~~~~~~~~~~~~
      |                                         |
      |                                         double*
euler3d_cpu.cpp:569:45: error: cannot convert â€˜double*â€™ to â€˜double_st*â€™ in initialization
  569 |     double_st *old_variables = alloc<double>(nelr * NVAR);
      |                                ~~~~~~~~~~~~~^~~~~~~~~~~~~
      |                                             |
      |                                             double*
euler3d_cpu.cpp:570:38: error: cannot convert â€˜double*â€™ to â€˜double_st*â€™ in initialization
  570 |     double_st *fluxes = alloc<double>(nelr * NVAR);
      |                         ~~~~~~~~~~~~~^~~~~~~~~~~~~
      |                                      |
      |                                      double*
euler3d_cpu.cpp:571:44: error: cannot convert â€˜double*â€™ to â€˜double_st*â€™ in initialization
  571 |     double_st *step_factors = alloc<double>(nelr);
      |                               ~~~~~~~~~~~~~^~~~~~
      |                                            |
      |                                            double*
euler3d_cpu.cpp:595:21: error: no matching function for call to â€˜copy<double>(double_st*&, double_st*&, int)â€™
  595 |         copy<double>(old_variables, variables, nelr * NVAR);
      |         ~~~~~~~~~~~~^~~~~~~~~~~~~~~~~~~~~~~~~~~~~~~~~~~~~~~
euler3d_cpu.cpp:67:28: note: candidate: â€˜void copy(T*, T*, int) [with T = double]â€™
   67 | template <typename T> void copy(T *dst, T *src, int N) {
      |                            ^~~~
euler3d_cpu.cpp:67:36: note:   no known conversion for argument 1 from â€˜double_st*â€™ to â€˜double*â€™
   67 | template <typename T> void copy(T *dst, T *src, int N) {
      |                                 ~~~^~~
In file included from /usr/include/c++/13/string:51,
                 from /usr/include/c++/13/bits/locale_classes.h:40,
                 from /usr/include/c++/13/bits/ios_base.h:41,
                 from /usr/include/c++/13/ios:44,
                 from /usr/include/c++/13/ostream:40,
                 from /usr/include/c++/13/iostream:41,
                 from /home/xinye/.local/lib/python3.12/site-packages/cadnaPromise/cadna//include/cadna.h:26,
                 from euler3d_cpu.cpp:1:
/usr/include/c++/13/bits/stl_algobase.h:624:5: note: candidate: â€˜template<class _II, class _OI> _OI std::copy(_II, _II, _OI)â€™
  624 |     copy(_II __first, _II __last, _OI __result)
      |     ^~~~
/usr/include/c++/13/bits/stl_algobase.h:624:5: note:   template argument deduction/substitution failed:
euler3d_cpu.cpp:595:22: note:   cannot convert â€˜old_variablesâ€™ (type â€˜double_st*â€™) to type â€˜doubleâ€™
  595 |         copy<double>(old_variables, variables, nelr * NVAR);
      |                      ^~~~~~~~~~~~~
In file included from /usr/include/c++/13/bits/locale_facets.h:48,
                 from /usr/include/c++/13/bits/basic_ios.h:37,
                 from /usr/include/c++/13/ios:46:
/usr/include/c++/13/bits/streambuf_iterator.h:339:5: note: candidate: â€˜template<class _CharT> typename __gnu_cxx::__enable_if<std::__is_char<_Tp>::__value, std::ostreambuf_iterator<_CharT> >::__type std::copy(istreambuf_iterator<_CharT>, istreambuf_iterator<_CharT>, ostreambuf_iterator<_CharT>)â€™
  339 |     copy(istreambuf_iterator<_CharT> __first,
      |     ^~~~
/usr/include/c++/13/bits/streambuf_iterator.h:339:5: note:   template argument deduction/substitution failed:
/usr/include/c++/13/bits/streambuf_iterator.h: In substitution of â€˜template<class _CharT> typename __gnu_cxx::__enable_if<std::__is_char<_Tp>::__value, std::ostreambuf_iterator<_CharT> >::__type std::copy(istreambuf_iterator<_CharT>, istreambuf_iterator<_CharT>, ostreambuf_iterator<_CharT>) [with _CharT = double]â€™:
euler3d_cpu.cpp:595:21:   required from here
/usr/include/c++/13/bits/streambuf_iterator.h:339:5: error: no type named â€˜__typeâ€™ in â€˜struct __gnu_cxx::__enable_if<false, std::ostreambuf_iterator<double, std::char_traits<double> > >â€™
In file included from /usr/include/c++/13/algorithm:73,
                 from /home/xinye/.local/lib/python3.12/site-packages/cadnaPromise/cadna//include/half.hpp:245,
                 from /home/xinye/.local/lib/python3.12/site-packages/cadnaPromise/cadna//include/cadna.h:35:
/usr/include/c++/13/pstl/glue_algorithm_defs.h:134:1: note: candidate: â€˜template<class _ExecutionPolicy, class _ForwardIterator1, class _ForwardIterator2> __pstl::__internal::__enable_if_execution_policy<_ExecutionPolicy, _ForwardIterator2> std::copy(_ExecutionPolicy&&, _ForwardIterator1, _ForwardIterator1, _ForwardIterator2)â€™
  134 | copy(_ExecutionPolicy&& __exec, _ForwardIterator1 __first, _ForwardIterator1 __last, _ForwardIterator2 __result);
      | ^~~~
/usr/include/c++/13/pstl/glue_algorithm_defs.h:134:1: note:   candidate expects 4 arguments, 3 provided

06/04 21:20:41: Compilation failed
Is Cadna installed? Did you link your cade with Cadna with `-lcadnac`, `-L$CADNA_PATH/lib` and `-I$CADNA_PATH/include` ?
