04/01 10:18:56: ðŸ¤˜ cadnaPromise ðŸ¤˜
04/01 10:18:56: Using the compiler: g++
04/01 10:18:56: We are working with 1 file and 22 different types
04/01 10:18:56: The expectation is 12 digits.
04/01 10:18:56: a) Get a reference result with cadna (double)
04/01 10:18:58: nn.cpp: In function â€˜std::vector<std::pair<int, double_st> > kNearestNeighborSearch(const std::vector<double_st>&, int, int, const std::vector<double_st>&, int, double_st&)â€™:
nn.cpp:134:49: error: no matching function for call to â€˜max(double, const double_st&)â€™
  134 |         k_nearest[i] = {pq.top().index, sqrt(max(0.0, pq.top().distance_sq))};
      |                                              ~~~^~~~~~~~~~~~~~~~~~~~~~~~~~~
In file included from /usr/include/c++/13/string:51,
                 from /usr/include/c++/13/bits/locale_classes.h:40,
                 from /usr/include/c++/13/bits/ios_base.h:41,
                 from /usr/include/c++/13/ios:44,
                 from /usr/include/c++/13/ostream:40,
                 from /usr/include/c++/13/iostream:41,
                 from /home/xinye/.local/lib/python3.10/site-packages/cadnaPromise/cadna//include/cadna.h:26,
                 from nn.cpp:1:
/usr/include/c++/13/bits/stl_algobase.h:257:5: note: candidate: â€˜template<class _Tp> constexpr const _Tp& std::max(const _Tp&, const _Tp&)â€™
  257 |     max(const _Tp& __a, const _Tp& __b)
      |     ^~~
/usr/include/c++/13/bits/stl_algobase.h:257:5: note:   template argument deduction/substitution failed:
nn.cpp:134:49: note:   deduced conflicting types for parameter â€˜const _Tpâ€™ (â€˜doubleâ€™ and â€˜double_stâ€™)
  134 |         k_nearest[i] = {pq.top().index, sqrt(max(0.0, pq.top().distance_sq))};
      |                                              ~~~^~~~~~~~~~~~~~~~~~~~~~~~~~~
/usr/include/c++/13/bits/stl_algobase.h:303:5: note: candidate: â€˜template<class _Tp, class _Compare> constexpr const _Tp& std::max(const _Tp&, const _Tp&, _Compare)â€™
  303 |     max(const _Tp& __a, const _Tp& __b, _Compare __comp)
      |     ^~~
/usr/include/c++/13/bits/stl_algobase.h:303:5: note:   template argument deduction/substitution failed:
nn.cpp:134:49: note:   deduced conflicting types for parameter â€˜const _Tpâ€™ (â€˜doubleâ€™ and â€˜double_stâ€™)
  134 |         k_nearest[i] = {pq.top().index, sqrt(max(0.0, pq.top().distance_sq))};
      |                                              ~~~^~~~~~~~~~~~~~~~~~~~~~~~~~~
In file included from /usr/include/c++/13/algorithm:61,
                 from /home/xinye/.local/lib/python3.10/site-packages/cadnaPromise/cadna//include/half.hpp:245,
                 from /home/xinye/.local/lib/python3.10/site-packages/cadnaPromise/cadna//include/cadna.h:35:
/usr/include/c++/13/bits/stl_algo.h:5795:5: note: candidate: â€˜template<class _Tp> constexpr _Tp std::max(initializer_list<_Tp>)â€™
 5795 |     max(initializer_list<_Tp> __l)
      |     ^~~
/usr/include/c++/13/bits/stl_algo.h:5795:5: note:   template argument deduction/substitution failed:
nn.cpp:134:49: note:   mismatched types â€˜std::initializer_list<_Tp>â€™ and â€˜doubleâ€™
  134 |         k_nearest[i] = {pq.top().index, sqrt(max(0.0, pq.top().distance_sq))};
      |                                              ~~~^~~~~~~~~~~~~~~~~~~~~~~~~~~
/usr/include/c++/13/bits/stl_algo.h:5805:5: note: candidate: â€˜template<class _Tp, class _Compare> constexpr _Tp std::max(initializer_list<_Tp>, _Compare)â€™
 5805 |     max(initializer_list<_Tp> __l, _Compare __comp)
      |     ^~~
/usr/include/c++/13/bits/stl_algo.h:5805:5: note:   template argument deduction/substitution failed:
nn.cpp:134:49: note:   mismatched types â€˜std::initializer_list<_Tp>â€™ and â€˜doubleâ€™
  134 |         k_nearest[i] = {pq.top().index, sqrt(max(0.0, pq.top().distance_sq))};
      |                                              ~~~^~~~~~~~~~~~~~~~~~~~~~~~~~~
nn.cpp:134:77: error: no match for â€˜operator=â€™ (operand types are â€˜__gnu_cxx::__alloc_traits<std::allocator<std::pair<int, double_st> >, std::pair<int, double_st> >::value_typeâ€™ {aka â€˜std::pair<int, double_st>â€™} and â€˜<brace-enclosed initializer list>â€™)
  134 |         k_nearest[i] = {pq.top().index, sqrt(max(0.0, pq.top().distance_sq))};
      |                                                                             ^
In file included from /usr/include/c++/13/bits/stl_algobase.h:64:
/usr/include/c++/13/bits/stl_pair.h:752:9: note: candidate: â€˜template<class _U1, class _U2> typename std::enable_if<std::__and_<std::is_assignable<_T1&, const _U1&>, std::is_assignable<_T2&, const _U2&> >::value, std::pair<_T1, _T2>&>::type std::pair<_T1, _T2>::operator=(const std::pair<_U1, _U2>&) [with _U2 = _U1; _T1 = int; _T2 = double_st]â€™
  752 |         operator=(const pair<_U1, _U2>& __p)
      |         ^~~~~~~~
/usr/include/c++/13/bits/stl_pair.h:752:9: note:   template argument deduction/substitution failed:
nn.cpp:134:77: note:   couldnâ€™t deduce template parameter â€˜_U1â€™
  134 |         k_nearest[i] = {pq.top().index, sqrt(max(0.0, pq.top().distance_sq))};
      |                                                                             ^
/usr/include/c++/13/bits/stl_pair.h:763:9: note: candidate: â€˜template<class _U1, class _U2> typename std::enable_if<std::__and_<std::is_assignable<_T1&, _U1&&>, std::is_assignable<_T2&, _U2&&> >::value, std::pair<_T1, _T2>&>::type std::pair<_T1, _T2>::operator=(std::pair<_U1, _U2>&&) [with _U2 = _U1; _T1 = int; _T2 = double_st]â€™
  763 |         operator=(pair<_U1, _U2>&& __p)
      |         ^~~~~~~~
/usr/include/c++/13/bits/stl_pair.h:763:9: note:   template argument deduction/substitution failed:
nn.cpp:134:77: note:   couldnâ€™t deduce template parameter â€˜_U1â€™
  134 |         k_nearest[i] = {pq.top().index, sqrt(max(0.0, pq.top().distance_sq))};
      |                                                                             ^
/usr/include/c++/13/bits/stl_pair.h:727:7: note: candidate: â€˜std::pair<_T1, _T2>& std::pair<_T1, _T2>::operator=(std::__conditional_t<std::__and_<std::is_copy_assignable<_T1>, std::is_copy_assignable<_T2> >::value, const std::pair<_T1, _T2>&, const std::__nonesuch&>) [with _T1 = int; _T2 = double_st; std::__conditional_t<std::__and_<std::is_copy_assignable<_T1>, std::is_copy_assignable<_T2> >::value, const std::pair<_T1, _T2>&, const std::__nonesuch&> = const std::pair<int, double_st>&]â€™
  727 |       operator=(__conditional_t<__and_<is_copy_assignable<_T1>,
      |       ^~~~~~~~
/usr/include/c++/13/bits/stl_pair.h:729:65: note:   no known conversion for argument 1 from â€˜<brace-enclosed initializer list>â€™ to â€˜std::__conditional_t<true, const std::pair<int, double_st>&, const std::__nonesuch&>â€™ {aka â€˜const std::pair<int, double_st>&â€™}
  727 |       operator=(__conditional_t<__and_<is_copy_assignable<_T1>,
      |                 ~~~~~~~~~~~~~~~~~~~~~~~~~~~~~~~~~~~~~~~~~~~~~~~  
  728 |                                        is_copy_assignable<_T2>>::value,
      |                                        ~~~~~~~~~~~~~~~~~~~~~~~~~~~~~~~~
  729 |                                 const pair&, const __nonesuch&> __p)
      |                                 ~~~~~~~~~~~~~~~~~~~~~~~~~~~~~~~~^~~
/usr/include/c++/13/bits/stl_pair.h:737:7: note: candidate: â€˜std::pair<_T1, _T2>& std::pair<_T1, _T2>::operator=(std::__conditional_t<std::__and_<std::is_move_assignable<_Tp>, std::is_move_assignable<_T2> >::value, std::pair<_T1, _T2>&&, std::__nonesuch&&>) [with _T1 = int; _T2 = double_st; std::__conditional_t<std::__and_<std::is_move_assignable<_Tp>, std::is_move_assignable<_T2> >::value, std::pair<_T1, _T2>&&, std::__nonesuch&&> = std::pair<int, double_st>&&]â€™
  737 |       operator=(__conditional_t<__and_<is_move_assignable<_T1>,
      |       ^~~~~~~~
/usr/include/c++/13/bits/stl_pair.h:739:55: note:   no known conversion for argument 1 from â€˜<brace-enclosed initializer list>â€™ to â€˜std::__conditional_t<true, std::pair<int, double_st>&&, std::__nonesuch&&>â€™ {aka â€˜std::pair<int, double_st>&&â€™}
  737 |       operator=(__conditional_t<__and_<is_move_assignable<_T1>,
      |                 ~~~~~~~~~~~~~~~~~~~~~~~~~~~~~~~~~~~~~~~~~~~~~~~
  738 |                                        is_move_assignable<_T2>>::value,
      |                                        ~~~~~~~~~~~~~~~~~~~~~~~~~~~~~~~~
  739 |                                 pair&&, __nonesuch&&> __p)
      |                                 ~~~~~~~~~~~~~~~~~~~~~~^~~

04/01 10:18:58: Compilation failed
Is Cadna installed? Did you link your cade with Cadna with `-lcadnac`, `-L$CADNA_PATH/lib` and `-I$CADNA_PATH/include` ?
